\BOOKMARK [1][-]{section.1}{\376\377\000I\000\040\000P\000r\000o\000c\000e\000s\000s\000i}{}% 1
\BOOKMARK [2][-]{subsection.1.1}{\376\377\000R\000e\000q\000u\000i\000s\000i\000t\000i\000\040\000d\000i\000\040\000O\000S}{section.1}% 2
\BOOKMARK [3][-]{subsubsection.1.1.1}{\376\377\000C\000o\000s\000'\000\350\000\040\000u\000n\000\040\000p\000r\000o\000c\000e\000s\000s\000o}{subsection.1.1}% 3
\BOOKMARK [3][-]{subsubsection.1.1.2}{\376\377\000P\000r\000o\000c\000e\000s\000s\000o\000\040\000i\000n\000\040\000e\000s\000c\000u\000z\000i\000o\000n\000e}{subsection.1.1}% 4
\BOOKMARK [3][-]{subsubsection.1.1.3}{\376\377\000F\000a\000s\000i\000\040\000d\000i\000\040\000u\000n\000\040\000p\000r\000o\000c\000e\000s\000s\000o}{subsection.1.1}% 5
\BOOKMARK [3][-]{subsubsection.1.1.4}{\376\377\000E\000l\000e\000m\000e\000n\000t\000i\000\040\000d\000i\000\040\000u\000n\000\040\000p\000r\000o\000c\000e\000s\000s\000o}{subsection.1.1}% 6
\BOOKMARK [2][-]{subsection.1.2}{\376\377\000P\000r\000o\000c\000e\000s\000s\000\040\000C\000o\000n\000t\000r\000o\000l\000\040\000B\000l\000o\000c\000k}{section.1}% 7
\BOOKMARK [2][-]{subsection.1.3}{\376\377\000T\000r\000a\000c\000c\000i\000a\000\040\000d\000i\000\040\000u\000n\000\040\000p\000r\000o\000c\000e\000s\000s\000o}{section.1}% 8
\BOOKMARK [2][-]{subsection.1.4}{\376\377\000E\000s\000e\000u\000z\000i\000o\000n\000e\000\040\000d\000i\000\040\000u\000n\000\040\000p\000r\000o\000c\000e\000s\000s\000o}{section.1}% 9
\BOOKMARK [2][-]{subsection.1.5}{\376\377\000M\000o\000d\000e\000l\000l\000o\000\040\000d\000e\000i\000\040\000P\000r\000o\000c\000e\000s\000s\000i\000\040\000a\000\040\0002\000\040\000s\000t\000a\000t\000i}{section.1}% 10
\BOOKMARK [2][-]{subsection.1.6}{\376\377\000C\000r\000e\000a\000z\000i\000o\000n\000e\000\040\000d\000i\000\040\000u\000n\000\040\000p\000r\000o\000c\000e\000s\000s\000o}{section.1}% 11
\BOOKMARK [2][-]{subsection.1.7}{\376\377\000T\000e\000r\000m\000i\000n\000a\000z\000i\000o\000n\000e\000\040\000d\000i\000\040\000u\000n\000\040\000p\000r\000o\000c\000e\000s\000s\000o}{section.1}% 12
\BOOKMARK [2][-]{subsection.1.8}{\376\377\000M\000o\000d\000e\000l\000l\000o\000\040\000d\000e\000i\000\040\000p\000r\000o\000c\000e\000s\000s\000i\000\040\000a\000\040\0005\000\040\000s\000t\000a\000t\000i}{section.1}% 13
\BOOKMARK [2][-]{subsection.1.9}{\376\377\000P\000r\000o\000c\000e\000s\000s\000i\000\040\000S\000o\000s\000p\000e\000s\000i}{section.1}% 14
\BOOKMARK [2][-]{subsection.1.10}{\376\377\000S\000t\000r\000u\000t\000t\000u\000r\000e\000\040\000d\000i\000\040\000c\000o\000n\000t\000r\000o\000l\000l\000o\000\040\000d\000e\000l\000\040\000O\000S}{section.1}% 15
\BOOKMARK [3][-]{subsubsection.1.10.1}{\376\377\000M\000e\000m\000o\000r\000y\000\040\000T\000a\000b\000l\000e}{subsection.1.10}% 16
\BOOKMARK [3][-]{subsubsection.1.10.2}{\376\377\000T\000a\000b\000e\000l\000l\000e\000\040\000p\000e\000r\000\040\000l\000'\000I\000/\000O}{subsection.1.10}% 17
\BOOKMARK [3][-]{subsubsection.1.10.3}{\376\377\000F\000i\000l\000e\000\040\000T\000a\000b\000l\000e}{subsection.1.10}% 18
\BOOKMARK [3][-]{subsubsection.1.10.4}{\376\377\000P\000r\000o\000c\000e\000s\000s\000\040\000T\000a\000b\000l\000e}{subsection.1.10}% 19
\BOOKMARK [2][-]{subsection.1.11}{\376\377\000A\000t\000t\000r\000i\000b\000u\000t\000i\000\040\000d\000i\000\040\000u\000n\000\040\000p\000r\000o\000c\000e\000s\000s\000o}{section.1}% 20
\BOOKMARK [3][-]{subsubsection.1.11.1}{\376\377\000C\000o\000m\000e\000\040\000s\000i\000\040\000I\000d\000e\000n\000t\000i\000f\000i\000c\000a\000\040\000u\000n\000\040\000p\000r\000o\000c\000e\000s\000s\000o}{subsection.1.11}% 21
\BOOKMARK [3][-]{subsubsection.1.11.2}{\376\377\000S\000t\000a\000t\000o\000\040\000d\000e\000l\000\040\000p\000r\000o\000c\000e\000s\000s\000o\000r\000e}{subsection.1.11}% 22
\BOOKMARK [3][-]{subsubsection.1.11.3}{\376\377\000C\000o\000n\000t\000r\000o\000l\000\040\000B\000l\000o\000c\000k\000\040\000d\000e\000l\000\040\000P\000r\000o\000c\000e\000s\000s\000o}{subsection.1.11}% 23
\BOOKMARK [2][-]{subsection.1.12}{\376\377\000P\000r\000o\000c\000e\000s\000s\000i\000\040\000e\000\040\000M\000e\000m\000o\000r\000i\000a\000\040\000v\000i\000r\000t\000u\000a\000l\000e}{section.1}% 24
\BOOKMARK [2][-]{subsection.1.13}{\376\377\000M\000o\000d\000a\000l\000i\000t\000a\000\040\000d\000i\000\040\000e\000s\000e\000c\000u\000z\000i\000o\000n\000e}{section.1}% 25
\BOOKMARK [3][-]{subsubsection.1.13.1}{\376\377\000K\000e\000r\000n\000e\000l\000\040\000M\000o\000d\000e}{subsection.1.13}% 26
\BOOKMARK [3][-]{subsubsection.1.13.2}{\376\377\000D\000a\000\040\000U\000s\000e\000r\000M\000o\000d\000e\000\040\000a\000\040\000K\000e\000r\000n\000e\000l\000M\000o\000d\000e}{subsection.1.13}% 27
\BOOKMARK [2][-]{subsection.1.14}{\376\377\000C\000r\000e\000a\000z\000i\000o\000n\000e\000\040\000d\000e\000l\000\040\000p\000r\000o\000c\000e\000s\000s\000o}{section.1}% 28
\BOOKMARK [2][-]{subsection.1.15}{\376\377\000S\000w\000i\000t\000c\000h\000i\000n\000g\000\040\000t\000r\000a\000\040\000p\000r\000o\000c\000e\000s\000s\000i}{section.1}% 29
\BOOKMARK [3][-]{subsubsection.1.15.1}{\376\377\000Q\000u\000a\000n\000d\000o\000\040\000e\000f\000f\000e\000t\000t\000u\000a\000r\000e\000\040\000l\000o\000\040\000s\000w\000i\000t\000c\000h\000i\000n\000g}{subsection.1.15}% 30
\BOOKMARK [3][-]{subsubsection.1.15.2}{\376\377\000P\000a\000s\000s\000a\000g\000g\000i\000\040\000p\000e\000r\000\040\000l\000o\000\040\000s\000w\000i\000t\000c\000h\000i\000n\000g}{subsection.1.15}% 31
\BOOKMARK [3][-]{subsubsection.1.15.3}{\376\377\000I\000l\000\040\000S\000i\000s\000t\000e\000m\000a\000\040\000o\000p\000e\000r\000a\000t\000i\000v\000o\000\040\000\351\000\040\000u\000n\000\040\000p\000r\000o\000c\000e\000s\000s\000o}{subsection.1.15}% 32
\BOOKMARK [3][-]{subsubsection.1.15.4}{\376\377\000E\000s\000e\000m\000p\000i\000o\000\040\000i\000n\000\040\000L\000i\000n\000u\000x}{subsection.1.15}% 33
\BOOKMARK [3][-]{subsubsection.1.15.5}{\376\377\000S\000t\000a\000t\000i\000\040\000i\000n\000\040\000U\000n\000i\000x}{subsection.1.15}% 34
\BOOKMARK [3][-]{subsubsection.1.15.6}{\376\377\000T\000r\000a\000n\000s\000i\000z\000i\000o\000n\000e\000\040\000t\000r\000a\000\040\000p\000r\000o\000c\000e\000s\000s\000i}{subsection.1.15}% 35
\BOOKMARK [2][-]{subsection.1.16}{\376\377\000I\000m\000m\000a\000g\000i\000n\000e\000\040\000d\000e\000l\000\040\000p\000r\000o\000c\000e\000s\000s\000o\000\040\000i\000n\000\040\000U\000n\000i\000x}{section.1}% 36
\BOOKMARK [1][-]{section.2}{\376\377\000I\000\040\000T\000h\000r\000e\000a\000d}{}% 37
\BOOKMARK [2][-]{subsection.2.1}{\376\377\000P\000e\000r\000c\000h\000\351\000\040\000i\000n\000t\000r\000o\000d\000u\000r\000r\000e\000\040\000i\000\040\000t\000h\000r\000e\000a\000d}{section.2}% 38
\BOOKMARK [2][-]{subsection.2.2}{\376\377\000U\000L\000T\000\040\000e\000\040\000K\000L\000T}{section.2}% 39
\BOOKMARK [2][-]{subsection.2.3}{\376\377\000P\000r\000o\000c\000e\000s\000s\000i\000\040\000e\000\040\000T\000h\000r\000e\000a\000d\000\040\000i\000n\000\040\000L\000i\000n\000u\000x}{section.2}% 40
\BOOKMARK [2][-]{subsection.2.4}{\376\377\000G\000l\000i\000\040\000s\000t\000a\000t\000i\000\040\000d\000e\000i\000\040\000p\000r\000o\000c\000e\000s\000s\000i\000\040\000i\000n\000\040\000L\000i\000n\000u\000x}{section.2}% 41
\BOOKMARK [2][-]{subsection.2.5}{\376\377\000S\000e\000g\000n\000a\000l\000i\000\040\000e\000d\000\040\000i\000n\000t\000e\000r\000r\000u\000p\000t\000\040\000i\000n\000\040\000L\000i\000n\000u\000x}{section.2}% 42
\BOOKMARK [1][-]{section.3}{\376\377\000S\000c\000h\000e\000d\000u\000l\000i\000n\000g}{}% 43
\BOOKMARK [2][-]{subsection.3.1}{\376\377\000T\000i\000p\000i\000\040\000d\000i\000\040\000s\000c\000h\000e\000d\000u\000l\000i\000n\000g}{section.3}% 44
\BOOKMARK [2][-]{subsection.3.2}{\376\377\000L\000o\000n\000g\000-\000t\000e\000r\000m\000\040\000s\000c\000h\000e\000d\000u\000l\000i\000n\000g}{section.3}% 45
\BOOKMARK [2][-]{subsection.3.3}{\376\377\000M\000e\000d\000i\000u\000m\000-\000t\000e\000r\000m\000\040\000s\000c\000h\000e\000d\000u\000l\000i\000n\000g}{section.3}% 46
\BOOKMARK [2][-]{subsection.3.4}{\376\377\000s\000h\000o\000r\000t\000-\000t\000e\000r\000m\000\040\000s\000c\000h\000e\000d\000u\000l\000i\000n\000g}{section.3}% 47
\BOOKMARK [3][-]{subsubsection.3.4.1}{\376\377\000C\000r\000i\000t\000e\000r\000i\000\040\000U\000t\000e\000n\000t\000e}{subsection.3.4}% 48
\BOOKMARK [3][-]{subsubsection.3.4.2}{\376\377\000C\000r\000i\000t\000e\000r\000i\000\040\000d\000i\000\040\000s\000i\000s\000t\000e\000m\000a}{subsection.3.4}% 49
\BOOKMARK [2][-]{subsection.3.5}{\376\377\000T\000u\000r\000n\000a\000r\000o\000u\000n\000d\000\040\000t\000i\000m\000e}{section.3}% 50
\BOOKMARK [2][-]{subsection.3.6}{\376\377\000T\000e\000m\000p\000o\000\040\000d\000i\000\040\000r\000i\000s\000p\000o\000s\000t\000a}{section.3}% 51
\BOOKMARK [2][-]{subsection.3.7}{\376\377\000D\000e\000a\000d\000l\000i\000n\000e}{section.3}% 52
\BOOKMARK [2][-]{subsection.3.8}{\376\377\000T\000h\000r\000o\000u\000g\000h\000p\000u\000t}{section.3}% 53
\BOOKMARK [2][-]{subsection.3.9}{\376\377\000U\000t\000i\000l\000i\000z\000z\000o\000\040\000d\000e\000l\000\040\000p\000r\000o\000c\000e\000s\000s\000o\000r\000e}{section.3}% 54
\BOOKMARK [2][-]{subsection.3.10}{\376\377\000B\000i\000l\000a\000n\000c\000i\000a\000m\000e\000n\000t\000o\000\040\000d\000e\000l\000l\000e\000\040\000r\000i\000s\000o\000r\000s\000e}{section.3}% 55
\BOOKMARK [2][-]{subsection.3.11}{\376\377\000F\000a\000i\000r\000n\000e\000s\000s\000\040\000e\000\040\000P\000r\000i\000o\000r\000i\000t\000\340}{section.3}% 56
\BOOKMARK [2][-]{subsection.3.12}{\376\377\000P\000r\000i\000o\000r\000i\000t\000\341\000\040\000e\000\040\000S\000t\000a\000r\000v\000a\000t\000i\000o\000n}{section.3}% 57
\BOOKMARK [2][-]{subsection.3.13}{\376\377\000P\000o\000l\000i\000t\000i\000c\000h\000e\000\040\000d\000i\000\040\000s\000c\000h\000e\000d\000u\000l\000i\000n\000g}{section.3}% 58
\BOOKMARK [2][-]{subsection.3.14}{\376\377\000S\000e\000l\000e\000c\000t\000i\000o\000n\000\040\000F\000u\000n\000c\000t\000i\000o\000n}{section.3}% 59
\BOOKMARK [2][-]{subsection.3.15}{\376\377\000D\000e\000c\000i\000s\000i\000o\000n\000\040\000M\000o\000d\000e}{section.3}% 60
\BOOKMARK [3][-]{subsubsection.3.15.1}{\376\377\000P\000r\000e\000-\000e\000m\000p\000t\000i\000v\000e\000\040\000-\000\040\000N\000o\000n\000\040\000p\000r\000e\000-\000e\000m\000p\000t\000i\000v\000e}{subsection.3.15}% 61
\BOOKMARK [2][-]{subsection.3.16}{\376\377\000E\000S\000E\000M\000P\000I\000O}{section.3}% 62
\BOOKMARK [2][-]{subsection.3.17}{\376\377\000F\000i\000r\000s\000t\000\040\000C\000o\000m\000e\000\040\000F\000i\000r\000s\000t\000\040\000S\000e\000r\000v\000e\000d}{section.3}% 63
\BOOKMARK [2][-]{subsection.3.18}{\376\377\000R\000o\000u\000n\000d\000\040\000R\000o\000b\000i\000n}{section.3}% 64
\BOOKMARK [2][-]{subsection.3.19}{\376\377\000S\000h\000o\000r\000t\000e\000s\000t\000\040\000P\000r\000o\000c\000e\000s\000s\000\040\000N\000e\000x\000t}{section.3}% 65
\BOOKMARK [2][-]{subsection.3.20}{\376\377\000S\000h\000o\000r\000t\000e\000s\000t\000\040\000R\000e\000m\000a\000i\000n\000i\000n\000g\000\040\000T\000i\000m\000e}{section.3}% 66
\BOOKMARK [2][-]{subsection.3.21}{\376\377\000H\000i\000g\000h\000e\000s\000t\000\040\000R\000e\000s\000p\000o\000n\000s\000e\000\040\000R\000a\000t\000i\000o\000\040\000N\000e\000x\000t}{section.3}% 67
